<?xml version="1.0" encoding="UTF-8"?>
<!-- Generated by org.testng.reporters.JUnitXMLReporter -->
<testsuite ignored="0" hostname="Aryans-MacBook-Pro.local" failures="0" tests="3" name="Automation Test Caes" time="21.199" errors="0" timestamp="2024-05-21T11:26:28 IST">
  <testcase classname="com.qa.testcases.SearchTest" name="searchWithValidProducts" time="0.64"/>
  <testcase classname="com.qa.testcases.SearchTest" name="searchWithInvalidProducts" time="0.468"/>
  <testcase classname="com.qa.testcases.SearchTest" name="searchWithNoProduct" time="0.31"/>
</testsuite> <!-- Automation Test Caes -->
